<?xml version="1.0" encoding="UTF-8" ?>
<testsuite tests="20" failures="0" name="com.tsystems.javaschool.tasks.calculator.CalculatorTest" time="0.015" errors="0" skipped="0">
  <properties>
    <property name="java.runtime.name" value="Java(TM) SE Runtime Environment"/>
    <property name="sun.boot.library.path" value="C:\Program Files\Java\jdk1.8.0_45\jre\bin"/>
    <property name="java.vm.version" value="25.45-b02"/>
    <property name="java.vm.vendor" value="Oracle Corporation"/>
    <property name="maven.multiModuleProjectDirectory" value="D:\Eclipse2018-workspace\JavaSchoolTasks"/>
    <property name="java.vendor.url" value="http://java.oracle.com/"/>
    <property name="path.separator" value=";"/>
    <property name="guice.disable.misplaced.annotation.check" value="true"/>
    <property name="java.vm.name" value="Java HotSpot(TM) Client VM"/>
    <property name="file.encoding.pkg" value="sun.io"/>
    <property name="user.script" value=""/>
    <property name="user.country" value="RU"/>
    <property name="sun.java.launcher" value="SUN_STANDARD"/>
    <property name="sun.os.patch.level" value="Service Pack 1"/>
    <property name="java.vm.specification.name" value="Java Virtual Machine Specification"/>
    <property name="user.dir" value="D:\Eclipse2018-workspace\JavaSchoolTasks"/>
    <property name="java.runtime.version" value="1.8.0_45-b14"/>
    <property name="java.awt.graphicsenv" value="sun.awt.Win32GraphicsEnvironment"/>
    <property name="java.endorsed.dirs" value="C:\Program Files\Java\jdk1.8.0_45\jre\lib\endorsed"/>
    <property name="os.arch" value="x86"/>
    <property name="java.io.tmpdir" value="C:\Users\ADMIN\AppData\Local\Temp\"/>
    <property name="line.separator" value="
"/>
    <property name="java.vm.specification.vendor" value="Oracle Corporation"/>
    <property name="user.variant" value=""/>
    <property name="os.name" value="Windows 7"/>
    <property name="classworlds.conf" value="D:\apache-maven-3.6.3\bin\..\bin\m2.conf"/>
    <property name="sun.jnu.encoding" value="Cp1251"/>
    <property name="java.library.path" value="C:\Program Files\Java\jdk1.8.0_45\bin;C:\Windows\Sun\Java\bin;C:\Windows\system32;C:\Windows;C:\Program Files\cmder\vendor\conemu-maximus5\ConEmu\Scripts;C:\Program Files\cmder\vendor\conemu-maximus5;C:\Program Files\cmder\vendor\conemu-maximus5\ConEmu;C:\Program Files\Common Files\Oracle\Java\javapath;C:\TwinCAT\Common32;C:\ProgramData\Oracle\Java\javapath;C:\Program Files\PC Connectivity Solution\;C:\Program Files\AMD APP\bin\x86;C:\Program Files\Common Files\Microsoft Shared\Windows Live;C:\Program Files\PHP\;C:\Windows\system32;C:\Windows;C:\Windows\System32\Wbem;C:\Windows\System32\WindowsPowerShell\v1.0\;C:\Program Files\Autodesk\Backburner\;C:\Program Files\Common Files\Autodesk Shared\;C:\Program Files\Common Files\Acronis\SnapAPI\;D:\MiXTeX\miktex\bin\;C:\Program Files\Microsoft SQL Server\110\Tools\Binn\;D:\LISP\SBCL\;D:\emacs\bin;C:\Program Files\Microsoft SQL Server\120\Tools\Binn\;C:\Program Files\Skype\Phone\;C:\Program Files\NVIDIA Corporation\PhysX\Common;C:\Program Files\ATI Technologies\ATI.ACE\Core-Static;C:\Program Files\Java\jdk1.8.0_45\bin;C:\Program Files\Android SDK\tools;C:\Program Files\Android SDK\platform-tools;C:\Program Files\GtkSharp\2.12\bin;C:\Program Files\MySQL\MySQL Utilities 1.6\;D:\Python37\Scripts\;D:\Python37\;C:\Program Files\dotnet\;c:\Program Files\Microsoft SQL Server\90\Tools\binn\;C:\Program Files\Git\cmd;C:\Program Files\Java\jdk1.8.0_45\db\bin;C:\Program Files\nodejs\;D:\apache-maven-3.6.3\bin;D:\Python371\Scripts\;D:\Python371\;D:\Python37\Scripts\;D:\Python37\;C:\Users\ADMIN\AppData\Local\atom\bin;C:\Program Files\JetBrains\PyCharm Community Edition 2019.1.1\bin;C:\Users\ADMIN\AppData\Roaming\npm;C:\Program Files\Git\cmd;C:\Program Files\Git\mingw32\bin;C:\Program Files\Git\usr\bin;C:\Program Files\cmder\vendor\bin;C:\Program Files\cmder\bin;C:\Program Files\cmder;C:\Program Files\cmder\vendor\git-for-windows\cmd;C:\Program Files\cmder\vendor\git-for-windows\mingw64\bin;C:\Program Files\cmder\vendor\git-for-windows\usr\bin;C:\Program Files\cmder\vendor\bin;C:\Program Files\cmder;."/>
    <property name="maven.conf" value="D:\apache-maven-3.6.3\bin\../conf"/>
    <property name="java.specification.name" value="Java Platform API Specification"/>
    <property name="java.class.version" value="52.0"/>
    <property name="sun.management.compiler" value="HotSpot Client Compiler"/>
    <property name="os.version" value="6.1"/>
    <property name="library.jansi.path" value="D:\apache-maven-3.6.3\bin\..\lib\jansi-native"/>
    <property name="user.home" value="C:\Users\ADMIN"/>
    <property name="user.timezone" value="Europe/Moscow"/>
    <property name="java.awt.printerjob" value="sun.awt.windows.WPrinterJob"/>
    <property name="java.specification.version" value="1.8"/>
    <property name="file.encoding" value="Cp1251"/>
    <property name="user.name" value="ADMIN"/>
    <property name="java.class.path" value="D:\apache-maven-3.6.3\bin\..\boot\plexus-classworlds-2.6.0.jar"/>
    <property name="java.vm.specification.version" value="1.8"/>
    <property name="sun.arch.data.model" value="32"/>
    <property name="java.home" value="C:\Program Files\Java\jdk1.8.0_45\jre"/>
    <property name="sun.java.command" value="org.codehaus.plexus.classworlds.launcher.Launcher -B test"/>
    <property name="java.specification.vendor" value="Oracle Corporation"/>
    <property name="user.language" value="ru"/>
    <property name="awt.toolkit" value="sun.awt.windows.WToolkit"/>
    <property name="java.vm.info" value="mixed mode"/>
    <property name="java.version" value="1.8.0_45"/>
    <property name="java.ext.dirs" value="C:\Program Files\Java\jdk1.8.0_45\jre\lib\ext;C:\Windows\Sun\Java\lib\ext"/>
    <property name="sun.boot.class.path" value="C:\Program Files\Java\jdk1.8.0_45\jre\lib\resources.jar;C:\Program Files\Java\jdk1.8.0_45\jre\lib\rt.jar;C:\Program Files\Java\jdk1.8.0_45\jre\lib\sunrsasign.jar;C:\Program Files\Java\jdk1.8.0_45\jre\lib\jsse.jar;C:\Program Files\Java\jdk1.8.0_45\jre\lib\jce.jar;C:\Program Files\Java\jdk1.8.0_45\jre\lib\charsets.jar;C:\Program Files\Java\jdk1.8.0_45\jre\lib\jfr.jar;C:\Program Files\Java\jdk1.8.0_45\jre\classes"/>
    <property name="sun.stderr.encoding" value="cp866"/>
    <property name="java.vendor" value="Oracle Corporation"/>
    <property name="maven.home" value="D:\apache-maven-3.6.3\bin\.."/>
    <property name="file.separator" value="\"/>
    <property name="java.vendor.url.bug" value="http://bugreport.sun.com/bugreport/"/>
    <property name="sun.cpu.endian" value="little"/>
    <property name="sun.io.unicode.encoding" value="UnicodeLittle"/>
    <property name="sun.stdout.encoding" value="cp866"/>
    <property name="sun.desktop" value="windows"/>
    <property name="sun.cpu.isalist" value=""/>
  </properties>
  <testcase classname="com.tsystems.javaschool.tasks.calculator.CalculatorTest" name="evaluate" time="0.008"/>
  <testcase classname="com.tsystems.javaschool.tasks.calculator.CalculatorTest" name="evaluate1" time="0"/>
  <testcase classname="com.tsystems.javaschool.tasks.calculator.CalculatorTest" name="evaluate2" time="0"/>
  <testcase classname="com.tsystems.javaschool.tasks.calculator.CalculatorTest" name="evaluate3" time="0"/>
  <testcase classname="com.tsystems.javaschool.tasks.calculator.CalculatorTest" name="evaluate4" time="0"/>
  <testcase classname="com.tsystems.javaschool.tasks.calculator.CalculatorTest" name="evaluate5" time="0.001"/>
  <testcase classname="com.tsystems.javaschool.tasks.calculator.CalculatorTest" name="evaluate6" time="0.001"/>
  <testcase classname="com.tsystems.javaschool.tasks.calculator.CalculatorTest" name="evaluate7" time="0.002"/>
  <testcase classname="com.tsystems.javaschool.tasks.calculator.CalculatorTest" name="evaluate8" time="0"/>
  <testcase classname="com.tsystems.javaschool.tasks.calculator.CalculatorTest" name="evaluate9" time="0"/>
  <testcase classname="com.tsystems.javaschool.tasks.calculator.CalculatorTest" name="evaluate10" time="0.001"/>
  <testcase classname="com.tsystems.javaschool.tasks.calculator.CalculatorTest" name="evaluate11" time="0.001"/>
  <testcase classname="com.tsystems.javaschool.tasks.calculator.CalculatorTest" name="evaluate12" time="0"/>
  <testcase classname="com.tsystems.javaschool.tasks.calculator.CalculatorTest" name="evaluate13" time="0"/>
  <testcase classname="com.tsystems.javaschool.tasks.calculator.CalculatorTest" name="evaluate14" time="0"/>
  <testcase classname="com.tsystems.javaschool.tasks.calculator.CalculatorTest" name="evaluate15" time="0.001"/>
  <testcase classname="com.tsystems.javaschool.tasks.calculator.CalculatorTest" name="evaluate16" time="0"/>
  <testcase classname="com.tsystems.javaschool.tasks.calculator.CalculatorTest" name="evaluate17" time="0"/>
  <testcase classname="com.tsystems.javaschool.tasks.calculator.CalculatorTest" name="evaluate18" time="0"/>
  <testcase classname="com.tsystems.javaschool.tasks.calculator.CalculatorTest" name="evaluate19" time="0"/>
</testsuite>